\BOOKMARK [1][-]{section.1}{Ejercicio 1}{}% 1
\BOOKMARK [1][-]{section.2}{Ejercicio 2}{}% 2
\BOOKMARK [1][-]{section.3}{Amplificador de instrumentaci\363n}{}% 3
\BOOKMARK [2][-]{subsection.3.1}{Introducci\363n}{section.3}% 4
\BOOKMARK [2][-]{subsection.3.2}{An\341lisis te\363rico}{section.3}% 5
\BOOKMARK [3][-]{subsubsection.3.2.1}{Asumiendo amplificadores operacionales ideales}{subsection.3.2}% 6
\BOOKMARK [3][-]{subsubsection.3.2.2}{Amplificadores operacionales no ideales }{subsection.3.2}% 7
\BOOKMARK [2][-]{subsection.3.3}{Dise\361o, simulaciones y mediciones}{section.3}% 8
\BOOKMARK [3][-]{subsubsection.3.3.1}{Elecci\363n de componentes}{subsection.3.3}% 9
\BOOKMARK [3][-]{subsubsection.3.3.2}{Curvas obtenidas a partir an\341lisis te\363rico }{subsection.3.3}% 10
\BOOKMARK [3][-]{subsubsection.3.3.3}{An\341lisis de tolerancias, asimentr\341s y variaciones}{subsection.3.3}% 11
\BOOKMARK [3][-]{subsubsection.3.3.4}{Mediciones y comparaci\363n de resultados}{subsection.3.3}% 12
\BOOKMARK [2][-]{subsection.3.4}{Puente de Wheatstone}{section.3}% 13
\BOOKMARK [2][-]{subsection.3.5}{DC offset}{section.3}% 14
\BOOKMARK [3][-]{subsubsection.3.5.1}{An\341lsis te\363rico}{subsection.3.5}% 15
\BOOKMARK [3][-]{subsubsection.3.5.2}{Constrastaci\363n pr\341ctica}{subsection.3.5}% 16
\BOOKMARK [3][-]{subsubsection.3.5.3}{Diferencias con la teor\355a}{subsection.3.5}% 17
\BOOKMARK [2][-]{subsection.3.6}{Mediciones sin referencia a tierra}{section.3}% 18
\BOOKMARK [1][-]{section.4}{Ejercicio 4}{}% 19
\BOOKMARK [1][-]{section.5}{Ejercicio 5}{}% 20
\BOOKMARK [1][-]{section.6}{Ejercicio 6}{}% 21
